mode: set
github.com/filipeandrade6/iti-digital-desafio-backend/validation/validators/number.go:3.31,4.25 1 1
github.com/filipeandrade6/iti-digital-desafio-backend/validation/validators/number.go:10.2,10.14 1 1
github.com/filipeandrade6/iti-digital-desafio-backend/validation/validators/number.go:4.25,5.37 1 1
github.com/filipeandrade6/iti-digital-desafio-backend/validation/validators/number.go:5.37,7.4 1 1
github.com/filipeandrade6/iti-digital-desafio-backend/validation/validators/number.go:14.59,15.29 1 1
github.com/filipeandrade6/iti-digital-desafio-backend/validation/validators/number.go:15.29,16.20 1 1
github.com/filipeandrade6/iti-digital-desafio-backend/validation/validators/number.go:20.3,20.14 1 1
github.com/filipeandrade6/iti-digital-desafio-backend/validation/validators/number.go:16.20,18.4 1 1
github.com/filipeandrade6/iti-digital-desafio-backend/handlers/v1/v1.go:22.95,24.17 1 0
github.com/filipeandrade6/iti-digital-desafio-backend/handlers/v1/v1.go:28.2,28.55 1 0
github.com/filipeandrade6/iti-digital-desafio-backend/handlers/v1/v1.go:24.17,26.3 1 0
github.com/filipeandrade6/iti-digital-desafio-backend/handlers/v1/v1.go:33.52,35.52 2 0
github.com/filipeandrade6/iti-digital-desafio-backend/handlers/v1/v1.go:47.2,47.37 1 0
github.com/filipeandrade6/iti-digital-desafio-backend/handlers/v1/v1.go:59.2,66.48 2 0
github.com/filipeandrade6/iti-digital-desafio-backend/handlers/v1/v1.go:35.52,45.3 3 0
github.com/filipeandrade6/iti-digital-desafio-backend/handlers/v1/v1.go:47.37,57.3 3 0
github.com/filipeandrade6/iti-digital-desafio-backend/validation/validators/length.go:3.36,5.2 1 1
github.com/filipeandrade6/iti-digital-desafio-backend/validation/validators/length.go:8.64,9.29 1 1
github.com/filipeandrade6/iti-digital-desafio-backend/validation/validators/length.go:9.29,10.25 1 1
github.com/filipeandrade6/iti-digital-desafio-backend/validation/validators/length.go:14.3,14.14 1 1
github.com/filipeandrade6/iti-digital-desafio-backend/validation/validators/length.go:10.25,12.4 1 1
github.com/filipeandrade6/iti-digital-desafio-backend/validation/validators/symbol.go:3.31,4.25 1 1
github.com/filipeandrade6/iti-digital-desafio-backend/validation/validators/symbol.go:10.2,10.14 1 1
github.com/filipeandrade6/iti-digital-desafio-backend/validation/validators/symbol.go:4.25,5.37 1 1
github.com/filipeandrade6/iti-digital-desafio-backend/validation/validators/symbol.go:5.37,7.4 1 1
github.com/filipeandrade6/iti-digital-desafio-backend/validation/validators/symbol.go:14.59,15.29 1 1
github.com/filipeandrade6/iti-digital-desafio-backend/validation/validators/symbol.go:15.29,16.20 1 1
github.com/filipeandrade6/iti-digital-desafio-backend/validation/validators/symbol.go:20.3,20.14 1 1
github.com/filipeandrade6/iti-digital-desafio-backend/validation/validators/symbol.go:16.20,18.4 1 1
github.com/filipeandrade6/iti-digital-desafio-backend/main.go:21.13,23.16 2 0
github.com/filipeandrade6/iti-digital-desafio-backend/main.go:27.2,29.33 2 0
github.com/filipeandrade6/iti-digital-desafio-backend/main.go:23.16,26.3 2 0
github.com/filipeandrade6/iti-digital-desafio-backend/main.go:29.33,33.3 3 0
github.com/filipeandrade6/iti-digital-desafio-backend/main.go:36.33,51.16 5 0
github.com/filipeandrade6/iti-digital-desafio-backend/main.go:60.2,79.12 6 0
github.com/filipeandrade6/iti-digital-desafio-backend/main.go:84.2,84.9 1 0
github.com/filipeandrade6/iti-digital-desafio-backend/main.go:100.2,100.12 1 0
github.com/filipeandrade6/iti-digital-desafio-backend/main.go:51.16,52.41 1 0
github.com/filipeandrade6/iti-digital-desafio-backend/main.go:56.3,56.47 1 0
github.com/filipeandrade6/iti-digital-desafio-backend/main.go:52.41,55.4 2 0
github.com/filipeandrade6/iti-digital-desafio-backend/main.go:79.12,82.3 2 0
github.com/filipeandrade6/iti-digital-desafio-backend/main.go:85.29,86.45 1 0
github.com/filipeandrade6/iti-digital-desafio-backend/main.go:88.25,95.43 5 0
github.com/filipeandrade6/iti-digital-desafio-backend/main.go:95.43,97.4 1 0
github.com/filipeandrade6/iti-digital-desafio-backend/validation/validators/valid_chars.go:3.35,4.25 1 1
github.com/filipeandrade6/iti-digital-desafio-backend/validation/validators/valid_chars.go:10.2,10.13 1 1
github.com/filipeandrade6/iti-digital-desafio-backend/validation/validators/valid_chars.go:4.25,5.42 1 1
github.com/filipeandrade6/iti-digital-desafio-backend/validation/validators/valid_chars.go:5.42,7.4 1 1
github.com/filipeandrade6/iti-digital-desafio-backend/validation/validators/valid_chars.go:14.63,15.29 1 1
github.com/filipeandrade6/iti-digital-desafio-backend/validation/validators/valid_chars.go:15.29,16.24 1 1
github.com/filipeandrade6/iti-digital-desafio-backend/validation/validators/valid_chars.go:20.3,20.14 1 1
github.com/filipeandrade6/iti-digital-desafio-backend/validation/validators/valid_chars.go:16.24,18.4 1 1
github.com/filipeandrade6/iti-digital-desafio-backend/validation/validators/validators.go:44.13,45.94 1 1
github.com/filipeandrade6/iti-digital-desafio-backend/validation/validators/validators.go:45.94,46.23 1 1
github.com/filipeandrade6/iti-digital-desafio-backend/validation/validators/validators.go:46.23,48.4 1 1
github.com/filipeandrade6/iti-digital-desafio-backend/handlers/handlers.go:11.42,17.2 4 0
github.com/filipeandrade6/iti-digital-desafio-backend/handlers/handlers.go:22.2,22.15 1 0
github.com/filipeandrade6/iti-digital-desafio-backend/handlers/handlers.go:17.2,20.3 2 0
github.com/filipeandrade6/iti-digital-desafio-backend/validation/validation.go:9.87,10.25 1 1
github.com/filipeandrade6/iti-digital-desafio-backend/validation/validation.go:14.2,14.39 1 1
github.com/filipeandrade6/iti-digital-desafio-backend/validation/validation.go:18.2,18.10 1 1
github.com/filipeandrade6/iti-digital-desafio-backend/validation/validation.go:10.25,10.40 1 1
github.com/filipeandrade6/iti-digital-desafio-backend/validation/validation.go:14.39,16.3 1 1
github.com/filipeandrade6/iti-digital-desafio-backend/validation/validation.go:24.46,36.2 2 1
github.com/filipeandrade6/iti-digital-desafio-backend/validation/validators/unique_chars.go:3.36,6.25 2 1
github.com/filipeandrade6/iti-digital-desafio-backend/validation/validators/unique_chars.go:14.2,14.13 1 1
github.com/filipeandrade6/iti-digital-desafio-backend/validation/validators/unique_chars.go:6.25,7.59 1 1
github.com/filipeandrade6/iti-digital-desafio-backend/validation/validators/unique_chars.go:11.3,11.35 1 1
github.com/filipeandrade6/iti-digital-desafio-backend/validation/validators/unique_chars.go:7.59,9.4 1 1
github.com/filipeandrade6/iti-digital-desafio-backend/validation/validators/unique_chars.go:18.64,19.29 1 1
github.com/filipeandrade6/iti-digital-desafio-backend/validation/validators/unique_chars.go:19.29,20.25 1 1
github.com/filipeandrade6/iti-digital-desafio-backend/validation/validators/unique_chars.go:24.3,24.14 1 1
github.com/filipeandrade6/iti-digital-desafio-backend/validation/validators/unique_chars.go:20.25,22.4 1 1
github.com/filipeandrade6/iti-digital-desafio-backend/validation/validators/lower_case.go:3.34,4.25 1 1
github.com/filipeandrade6/iti-digital-desafio-backend/validation/validators/lower_case.go:10.2,10.14 1 1
github.com/filipeandrade6/iti-digital-desafio-backend/validation/validators/lower_case.go:4.25,5.40 1 1
github.com/filipeandrade6/iti-digital-desafio-backend/validation/validators/lower_case.go:5.40,7.4 1 1
github.com/filipeandrade6/iti-digital-desafio-backend/validation/validators/lower_case.go:14.62,15.29 1 1
github.com/filipeandrade6/iti-digital-desafio-backend/validation/validators/lower_case.go:15.29,16.23 1 1
github.com/filipeandrade6/iti-digital-desafio-backend/validation/validators/lower_case.go:20.3,20.14 1 1
github.com/filipeandrade6/iti-digital-desafio-backend/validation/validators/lower_case.go:16.23,18.4 1 1
github.com/filipeandrade6/iti-digital-desafio-backend/validation/validators/upper_case.go:3.34,4.25 1 1
github.com/filipeandrade6/iti-digital-desafio-backend/validation/validators/upper_case.go:10.2,10.14 1 1
github.com/filipeandrade6/iti-digital-desafio-backend/validation/validators/upper_case.go:4.25,5.40 1 1
github.com/filipeandrade6/iti-digital-desafio-backend/validation/validators/upper_case.go:5.40,7.4 1 1
github.com/filipeandrade6/iti-digital-desafio-backend/validation/validators/upper_case.go:14.62,15.29 1 1
github.com/filipeandrade6/iti-digital-desafio-backend/validation/validators/upper_case.go:15.29,16.23 1 1
github.com/filipeandrade6/iti-digital-desafio-backend/validation/validators/upper_case.go:20.3,20.14 1 1
github.com/filipeandrade6/iti-digital-desafio-backend/validation/validators/upper_case.go:16.23,18.4 1 1
github.com/filipeandrade6/iti-digital-desafio-backend/foundation/logger/logger.go:8.47,18.16 7 0
github.com/filipeandrade6/iti-digital-desafio-backend/foundation/logger/logger.go:22.2,22.17 1 0
github.com/filipeandrade6/iti-digital-desafio-backend/foundation/logger/logger.go:18.16,20.3 1 0
github.com/filipeandrade6/iti-digital-desafio-backend/validation/validators/upper_case.go:3.34,4.25 1 1
github.com/filipeandrade6/iti-digital-desafio-backend/validation/validators/upper_case.go:10.2,10.14 1 1
github.com/filipeandrade6/iti-digital-desafio-backend/validation/validators/upper_case.go:4.25,5.40 1 1
github.com/filipeandrade6/iti-digital-desafio-backend/validation/validators/upper_case.go:5.40,7.4 1 1
github.com/filipeandrade6/iti-digital-desafio-backend/validation/validators/upper_case.go:14.62,15.29 1 1
github.com/filipeandrade6/iti-digital-desafio-backend/validation/validators/upper_case.go:15.29,16.23 1 1
github.com/filipeandrade6/iti-digital-desafio-backend/validation/validators/upper_case.go:20.3,20.14 1 1
github.com/filipeandrade6/iti-digital-desafio-backend/validation/validators/upper_case.go:16.23,18.4 1 1
github.com/filipeandrade6/iti-digital-desafio-backend/validation/validators/validators.go:44.13,45.94 1 1
github.com/filipeandrade6/iti-digital-desafio-backend/validation/validators/validators.go:45.94,46.23 1 1
github.com/filipeandrade6/iti-digital-desafio-backend/validation/validators/validators.go:46.23,48.4 1 1
github.com/filipeandrade6/iti-digital-desafio-backend/validation/validation.go:9.87,10.25 1 1
github.com/filipeandrade6/iti-digital-desafio-backend/validation/validation.go:14.2,14.39 1 1
github.com/filipeandrade6/iti-digital-desafio-backend/validation/validation.go:18.2,18.10 1 1
github.com/filipeandrade6/iti-digital-desafio-backend/validation/validation.go:10.25,10.40 1 1
github.com/filipeandrade6/iti-digital-desafio-backend/validation/validation.go:14.39,16.3 1 1
github.com/filipeandrade6/iti-digital-desafio-backend/validation/validation.go:24.46,36.2 2 1
github.com/filipeandrade6/iti-digital-desafio-backend/validation/validators/unique_chars.go:3.36,6.25 2 1
github.com/filipeandrade6/iti-digital-desafio-backend/validation/validators/unique_chars.go:14.2,14.13 1 1
github.com/filipeandrade6/iti-digital-desafio-backend/validation/validators/unique_chars.go:6.25,7.59 1 1
github.com/filipeandrade6/iti-digital-desafio-backend/validation/validators/unique_chars.go:11.3,11.35 1 1
github.com/filipeandrade6/iti-digital-desafio-backend/validation/validators/unique_chars.go:7.59,9.4 1 1
github.com/filipeandrade6/iti-digital-desafio-backend/validation/validators/unique_chars.go:18.64,19.29 1 1
github.com/filipeandrade6/iti-digital-desafio-backend/validation/validators/unique_chars.go:19.29,20.25 1 1
github.com/filipeandrade6/iti-digital-desafio-backend/validation/validators/unique_chars.go:24.3,24.14 1 1
github.com/filipeandrade6/iti-digital-desafio-backend/validation/validators/unique_chars.go:20.25,22.4 1 1
github.com/filipeandrade6/iti-digital-desafio-backend/validation/validators/lower_case.go:3.34,4.25 1 1
github.com/filipeandrade6/iti-digital-desafio-backend/validation/validators/lower_case.go:10.2,10.14 1 1
github.com/filipeandrade6/iti-digital-desafio-backend/validation/validators/lower_case.go:4.25,5.40 1 1
github.com/filipeandrade6/iti-digital-desafio-backend/validation/validators/lower_case.go:5.40,7.4 1 1
github.com/filipeandrade6/iti-digital-desafio-backend/validation/validators/lower_case.go:14.62,15.29 1 1
github.com/filipeandrade6/iti-digital-desafio-backend/validation/validators/lower_case.go:15.29,16.23 1 1
github.com/filipeandrade6/iti-digital-desafio-backend/validation/validators/lower_case.go:20.3,20.14 1 1
github.com/filipeandrade6/iti-digital-desafio-backend/validation/validators/lower_case.go:16.23,18.4 1 1
github.com/filipeandrade6/iti-digital-desafio-backend/validation/validators/number.go:3.31,4.25 1 1
github.com/filipeandrade6/iti-digital-desafio-backend/validation/validators/number.go:10.2,10.14 1 1
github.com/filipeandrade6/iti-digital-desafio-backend/validation/validators/number.go:4.25,5.37 1 1
github.com/filipeandrade6/iti-digital-desafio-backend/validation/validators/number.go:5.37,7.4 1 1
github.com/filipeandrade6/iti-digital-desafio-backend/validation/validators/number.go:14.59,15.29 1 1
github.com/filipeandrade6/iti-digital-desafio-backend/validation/validators/number.go:15.29,16.20 1 1
github.com/filipeandrade6/iti-digital-desafio-backend/validation/validators/number.go:20.3,20.14 1 1
github.com/filipeandrade6/iti-digital-desafio-backend/validation/validators/number.go:16.20,18.4 1 1
github.com/filipeandrade6/iti-digital-desafio-backend/handlers/v1/v1.go:22.95,24.17 1 1
github.com/filipeandrade6/iti-digital-desafio-backend/handlers/v1/v1.go:28.2,28.55 1 1
github.com/filipeandrade6/iti-digital-desafio-backend/handlers/v1/v1.go:24.17,26.3 1 1
github.com/filipeandrade6/iti-digital-desafio-backend/handlers/v1/v1.go:33.52,35.52 2 1
github.com/filipeandrade6/iti-digital-desafio-backend/handlers/v1/v1.go:47.2,47.37 1 1
github.com/filipeandrade6/iti-digital-desafio-backend/handlers/v1/v1.go:59.2,66.48 2 1
github.com/filipeandrade6/iti-digital-desafio-backend/handlers/v1/v1.go:35.52,45.3 3 1
github.com/filipeandrade6/iti-digital-desafio-backend/handlers/v1/v1.go:47.37,57.3 3 1
github.com/filipeandrade6/iti-digital-desafio-backend/validation/validators/length.go:3.36,5.2 1 1
github.com/filipeandrade6/iti-digital-desafio-backend/validation/validators/length.go:8.64,9.29 1 1
github.com/filipeandrade6/iti-digital-desafio-backend/validation/validators/length.go:9.29,10.25 1 1
github.com/filipeandrade6/iti-digital-desafio-backend/validation/validators/length.go:14.3,14.14 1 1
github.com/filipeandrade6/iti-digital-desafio-backend/validation/validators/length.go:10.25,12.4 1 1
github.com/filipeandrade6/iti-digital-desafio-backend/main.go:21.13,23.16 2 0
github.com/filipeandrade6/iti-digital-desafio-backend/main.go:27.2,29.33 2 0
github.com/filipeandrade6/iti-digital-desafio-backend/main.go:23.16,26.3 2 0
github.com/filipeandrade6/iti-digital-desafio-backend/main.go:29.33,33.3 3 0
github.com/filipeandrade6/iti-digital-desafio-backend/main.go:36.33,51.16 5 0
github.com/filipeandrade6/iti-digital-desafio-backend/main.go:60.2,79.12 6 0
github.com/filipeandrade6/iti-digital-desafio-backend/main.go:84.2,84.9 1 0
github.com/filipeandrade6/iti-digital-desafio-backend/main.go:100.2,100.12 1 0
github.com/filipeandrade6/iti-digital-desafio-backend/main.go:51.16,52.41 1 0
github.com/filipeandrade6/iti-digital-desafio-backend/main.go:56.3,56.47 1 0
github.com/filipeandrade6/iti-digital-desafio-backend/main.go:52.41,55.4 2 0
github.com/filipeandrade6/iti-digital-desafio-backend/main.go:79.12,82.3 2 0
github.com/filipeandrade6/iti-digital-desafio-backend/main.go:85.29,86.45 1 0
github.com/filipeandrade6/iti-digital-desafio-backend/main.go:88.25,95.43 5 0
github.com/filipeandrade6/iti-digital-desafio-backend/main.go:95.43,97.4 1 0
github.com/filipeandrade6/iti-digital-desafio-backend/handlers/handlers.go:11.42,17.2 4 1
github.com/filipeandrade6/iti-digital-desafio-backend/handlers/handlers.go:22.2,22.15 1 1
github.com/filipeandrade6/iti-digital-desafio-backend/handlers/handlers.go:17.2,20.3 2 1
github.com/filipeandrade6/iti-digital-desafio-backend/validation/validators/symbol.go:3.31,4.25 1 1
github.com/filipeandrade6/iti-digital-desafio-backend/validation/validators/symbol.go:10.2,10.14 1 1
github.com/filipeandrade6/iti-digital-desafio-backend/validation/validators/symbol.go:4.25,5.37 1 1
github.com/filipeandrade6/iti-digital-desafio-backend/validation/validators/symbol.go:5.37,7.4 1 1
github.com/filipeandrade6/iti-digital-desafio-backend/validation/validators/symbol.go:14.59,15.29 1 1
github.com/filipeandrade6/iti-digital-desafio-backend/validation/validators/symbol.go:15.29,16.20 1 1
github.com/filipeandrade6/iti-digital-desafio-backend/validation/validators/symbol.go:20.3,20.14 1 1
github.com/filipeandrade6/iti-digital-desafio-backend/validation/validators/symbol.go:16.20,18.4 1 1
github.com/filipeandrade6/iti-digital-desafio-backend/validation/validators/valid_chars.go:3.35,4.25 1 1
github.com/filipeandrade6/iti-digital-desafio-backend/validation/validators/valid_chars.go:10.2,10.13 1 1
github.com/filipeandrade6/iti-digital-desafio-backend/validation/validators/valid_chars.go:4.25,5.42 1 1
github.com/filipeandrade6/iti-digital-desafio-backend/validation/validators/valid_chars.go:5.42,7.4 1 0
github.com/filipeandrade6/iti-digital-desafio-backend/validation/validators/valid_chars.go:14.63,15.29 1 1
github.com/filipeandrade6/iti-digital-desafio-backend/validation/validators/valid_chars.go:15.29,16.24 1 1
github.com/filipeandrade6/iti-digital-desafio-backend/validation/validators/valid_chars.go:20.3,20.14 1 1
github.com/filipeandrade6/iti-digital-desafio-backend/validation/validators/valid_chars.go:16.24,18.4 1 0
github.com/filipeandrade6/iti-digital-desafio-backend/foundation/logger/logger.go:8.47,18.16 7 0
github.com/filipeandrade6/iti-digital-desafio-backend/foundation/logger/logger.go:22.2,22.17 1 0
github.com/filipeandrade6/iti-digital-desafio-backend/foundation/logger/logger.go:18.16,20.3 1 0
